<?xml version="1.0" encoding="UTF-8"?>
<!-- Generated by org.testng.reporters.JUnitReportReporter -->
<testsuite skipped="0" hostname="DELL-PC" name="com.automation.Test2" tests="1" failures="0" timestamp="11 Apr 2020 17:55:13 GMT" time="0.001" errors="0">
  <testcase name="test12" time="0.001" classname="com.automation.Test2"/>
</testsuite> <!-- com.automation.Test2 -->
