<?xml version="1.0" encoding="UTF-8"?>
<!-- Generated by org.testng.reporters.JUnitReportReporter -->
<testsuite skipped="0" hostname="DELL-PC" name="main.automation.Test5" tests="1" failures="0" timestamp="11 Apr 2020 17:55:13 GMT" time="0.001" errors="0">
  <testcase name="test15" time="0.001" classname="main.automation.Test5"/>
</testsuite> <!-- main.automation.Test5 -->
